<?xml version="1.0" encoding="UTF-8"?>
<coverage generated="1579625055470" clover="3.2.0">
  <project timestamp="1579625055471" name="All files">
    <metrics statements="1" coveredstatements="1" conditionals="0" coveredconditionals="0" methods="1" coveredmethods="1" elements="2" coveredelements="2" complexity="0" loc="1" ncloc="1" packages="1" files="1" classes="1"/>
    <file name="voteTestFile.js" path="F:\Master of Computer Science\Semester 4rth\Software Engineering\Software Engineering Project\project23\frontend\js\not_libs\voteTestFile.js">
      <metrics statements="1" coveredstatements="1" conditionals="0" coveredconditionals="0" methods="1" coveredmethods="1"/>
      <line num="2" count="1" type="stmt"/>
    </file>
  </project>
</coverage>
