{"F:\\Master of Computer Science\\Semester 4rth\\Software Engineering\\Software Engineering Project\\project23\\frontend\\js\\not_libs\\voteTestFile.js": {"path":"F:\\Master of Computer Science\\Semester 4rth\\Software Engineering\\Software Engineering Project\\project23\\frontend\\js\\not_libs\\voteTestFile.js","statementMap":{"0":{"start":{"line":2,"column":2},"end":{"line":2,"column":15}}},"fnMap":{"0":{"name":"sum","decl":{"start":{"line":1,"column":16},"end":{"line":1,"column":19}},"loc":{"start":{"line":1,"column":26},"end":{"line":3,"column":1}},"line":1}},"branchMap":{},"s":{"0":1},"f":{"0":1},"b":{},"_coverageSchema":"43e27e138ebf9cfc5966b082cf9a028302ed4184","hash":"6d15b62bf6e1dc09169117b5f473e3efe8828d13"}
}
